<?xml version="1.0" encoding="UTF-8"?>
<testng-results skipped="0" failed="0" ignored="0" total="2" passed="2">
  <reporter-output>
    <line>
      <![CDATA[Suite Execution startsWed May 01 17:55:36 IST 2019]]>
    </line>
    <line>
      <![CDATA[Chrome Launched]]>
    </line>
    <line>
      <![CDATA[http://127.0.0.1/login.doURL navigated]]>
    </line>
    <line>
      <![CDATA[ValidLoginscript start executingWed May 01 17:55:54 IST 2019]]>
    </line>
    <line>
      <![CDATA[Home page is verified]]>
    </line>
    <line>
      <![CDATA[Home page title is verified]]>
    </line>
    <line>
      <![CDATA[ValidLoginscript is passed]]>
    </line>
    <line>
      <![CDATA[Browser closed]]>
    </line>
    <line>
      <![CDATA[Chrome Launched]]>
    </line>
    <line>
      <![CDATA[http://127.0.0.1/login.doURL navigated]]>
    </line>
    <line>
      <![CDATA[InvalidLoginscript start executingWed May 01 17:56:15 IST 2019]]>
    </line>
    <line>
      <![CDATA[invalid login error message is verified]]>
    </line>
    <line>
      <![CDATA[InvalidLoginscript is passed]]>
    </line>
    <line>
      <![CDATA[Browser closed]]>
    </line>
  </reporter-output>
  <suite name="Suite" duration-ms="44350" started-at="2019-05-01T12:25:36Z" finished-at="2019-05-01T12:26:20Z">
    <groups>
    </groups>
    <test name="Test" duration-ms="44350" started-at="2019-05-01T12:25:36Z" finished-at="2019-05-01T12:26:20Z">
      <class name="com.actitime.scripts.LoginTest">
        <test-method status="PASS" signature="precondition(java.lang.String, java.lang.String)[pri:0, instance:com.actitime.scripts.LoginTest@4909b8da]" name="precondition" is-config="true" duration-ms="17376" started-at="2019-05-01T12:25:36Z" finished-at="2019-05-01T12:25:54Z">
          <params>
            <param index="0">
              <value>
                <![CDATA[chrome]]>
              </value>
            </param>
            <param index="1">
              <value>
                <![CDATA[http://127.0.0.1/login.do]]>
              </value>
            </param>
          </params>
          <reporter-output>
            <line>
              <![CDATA[Chrome Launched]]>
            </line>
            <line>
              <![CDATA[http://127.0.0.1/login.doURL navigated]]>
            </line>
          </reporter-output>
        </test-method> <!-- precondition -->
        <test-method status="PASS" signature="ValidLogin()[pri:1, instance:com.actitime.scripts.LoginTest@4909b8da]" name="ValidLogin" duration-ms="13212" started-at="2019-05-01T12:25:54Z" description="login with valid username and password" finished-at="2019-05-01T12:26:07Z">
          <reporter-output>
            <line>
              <![CDATA[ValidLoginscript start executingWed May 01 17:55:54 IST 2019]]>
            </line>
            <line>
              <![CDATA[Home page is verified]]>
            </line>
            <line>
              <![CDATA[Home page title is verified]]>
            </line>
            <line>
              <![CDATA[ValidLoginscript is passed]]>
            </line>
          </reporter-output>
        </test-method> <!-- ValidLogin -->
        <test-method status="PASS" signature="postCondition()[pri:0, instance:com.actitime.scripts.LoginTest@4909b8da]" name="postCondition" is-config="true" duration-ms="1410" started-at="2019-05-01T12:26:07Z" finished-at="2019-05-01T12:26:08Z">
          <reporter-output>
            <line>
              <![CDATA[Browser closed]]>
            </line>
          </reporter-output>
        </test-method> <!-- postCondition -->
        <test-method status="PASS" signature="precondition(java.lang.String, java.lang.String)[pri:0, instance:com.actitime.scripts.LoginTest@4909b8da]" name="precondition" is-config="true" duration-ms="6877" started-at="2019-05-01T12:26:08Z" finished-at="2019-05-01T12:26:15Z">
          <params>
            <param index="0">
              <value>
                <![CDATA[chrome]]>
              </value>
            </param>
            <param index="1">
              <value>
                <![CDATA[http://127.0.0.1/login.do]]>
              </value>
            </param>
          </params>
          <reporter-output>
            <line>
              <![CDATA[Chrome Launched]]>
            </line>
            <line>
              <![CDATA[http://127.0.0.1/login.doURL navigated]]>
            </line>
          </reporter-output>
        </test-method> <!-- precondition -->
        <test-method status="PASS" signature="InvalidLogin()[pri:2, instance:com.actitime.scripts.LoginTest@4909b8da]" name="InvalidLogin" duration-ms="2474" started-at="2019-05-01T12:26:15Z" description="login with valid useinvrname and password" finished-at="2019-05-01T12:26:18Z">
          <reporter-output>
            <line>
              <![CDATA[InvalidLoginscript start executingWed May 01 17:56:15 IST 2019]]>
            </line>
            <line>
              <![CDATA[invalid login error message is verified]]>
            </line>
            <line>
              <![CDATA[InvalidLoginscript is passed]]>
            </line>
          </reporter-output>
        </test-method> <!-- InvalidLogin -->
        <test-method status="PASS" signature="postCondition()[pri:0, instance:com.actitime.scripts.LoginTest@4909b8da]" name="postCondition" is-config="true" duration-ms="2891" started-at="2019-05-01T12:26:18Z" finished-at="2019-05-01T12:26:20Z">
          <reporter-output>
            <line>
              <![CDATA[Browser closed]]>
            </line>
          </reporter-output>
        </test-method> <!-- postCondition -->
      </class> <!-- com.actitime.scripts.LoginTest -->
    </test> <!-- Test -->
  </suite> <!-- Suite -->
</testng-results>
